proguard/seeds.txt
com.machao.accountbox.AccountAddInputActivity
com.machao.accountbox.AccountAddInputActivity: AccountAddInputActivity()
com.machao.accountbox.AccountAddInputActivity: void btnClick(android.view.View)
com.machao.accountbox.AccountUpdateInputActivity
com.machao.accountbox.AccountUpdateInputActivity: AccountUpdateInputActivity()
com.machao.accountbox.AccountUpdateInputActivity: void btnClick(android.view.View)
com.machao.accountbox.ActivityAccountDetail
com.machao.accountbox.ActivityAccountDetail: ActivityAccountDetail()
com.machao.accountbox.ActivityAccountDetail: void btnClick(android.view.View)
com.machao.accountbox.FindBackActivity
com.machao.accountbox.FindBackActivity: FindBackActivity()
com.machao.accountbox.FindBackActivity: void btnClick(android.view.View)
com.machao.accountbox.IndexActivity
com.machao.accountbox.IndexActivity: IndexActivity()
com.machao.accountbox.IndexActivity: void btnClick(android.view.View)
com.machao.accountbox.IndexActivityBAK: void btnClick(android.view.View)
com.machao.accountbox.R$anim: int activity_in
com.machao.accountbox.R$anim: int activity_out
com.machao.accountbox.R$anim: int activity_steady
com.machao.accountbox.R$anim: int filpper_left_in
com.machao.accountbox.R$anim: int flipper_left_out
com.machao.accountbox.R$anim: int flipper_right_in
com.machao.accountbox.R$anim: int flipper_right_out
com.machao.accountbox.R$array: int questions
com.machao.accountbox.R$color: int blue_light
com.machao.accountbox.R$color: int green_light
com.machao.accountbox.R$color: int orange
com.machao.accountbox.R$color: int orange_light
com.machao.accountbox.R$color: int red_light
com.machao.accountbox.R$drawable: int add_type
com.machao.accountbox.R$drawable: int alibaba
com.machao.accountbox.R$drawable: int b_btn
com.machao.accountbox.R$drawable: int b_btn_click
com.machao.accountbox.R$drawable: int back_btn
com.machao.accountbox.R$drawable: int back_btn_click
com.machao.accountbox.R$drawable: int back_btn_selector
com.machao.accountbox.R$drawable: int baihe
com.machao.accountbox.R$drawable: int baofengyingyin
com.machao.accountbox.R$drawable: int baqisanguo
com.machao.accountbox.R$drawable: int blue_btn_selector
com.machao.accountbox.R$drawable: int btn_addaccount_selector
com.machao.accountbox.R$drawable: int btn_blue
com.machao.accountbox.R$drawable: int btn_blue_click
com.machao.accountbox.R$drawable: int btn_blue_selector
com.machao.accountbox.R$drawable: int btn_green_common
com.machao.accountbox.R$drawable: int btn_green_down
com.machao.accountbox.R$drawable: int btn_green_selector
com.machao.accountbox.R$drawable: int btn_plus_normal
com.machao.accountbox.R$drawable: int btn_plus_pressed
com.machao.accountbox.R$drawable: int check_down
com.machao.accountbox.R$drawable: int check_up
com.machao.accountbox.R$drawable: int check_updown_selector
com.machao.accountbox.R$drawable: int checkbox_checked
com.machao.accountbox.R$drawable: int checkbox_lock
com.machao.accountbox.R$drawable: int checkbox_lock_checked
com.machao.accountbox.R$drawable: int checkbox_lock_selector
com.machao.accountbox.R$drawable: int checkbox_selector
...
net.youmi.android.a.a.b
net.youmi.android.a.a.b: b()
net.youmi.android.a.a.b: net.youmi.android.a.a.c a()
net.youmi.android.a.a.b: net.youmi.android.a.a.c a(org.json.JSONObject,net.youmi.android.a.a.c)
net.youmi.android.a.a.c
net.youmi.android.a.a.c: org.json.JSONObject a()
net.youmi.android.a.a.c: boolean a(org.json.JSONObject)
net.youmi.android.a.a.d
net.youmi.android.a.a.d: net.youmi.android.a.a.d a
net.youmi.android.a.a.d: d(android.content.Context)
net.youmi.android.a.a.d: net.youmi.android.a.a.d a(android.content.Context)
net.youmi.android.a.a.d: net.youmi.android.a.a.a a(android.content.Context,java.lang.String,net.youmi.android.a.a.b)
net.youmi.android.a.a.d: boolean a(android.content.Context,net.youmi.android.a.a.a)
net.youmi.android.a.a.d: boolean a(java.lang.String)
net.youmi.android.a.a.e
net.youmi.android.a.a.e: void a(android.content.Context,net.youmi.android.a.h.e,java.util.List)
net.youmi.android.a.b.a
net.youmi.android.a.b.a: net.youmi.android.e.a.g a
net.youmi.android.a.b.a: net.youmi.android.e.a.f b
net.youmi.android.a.b.a: void a(android.content.Context)
net.youmi.android.a.b.a: boolean a(android.content.Context,java.lang.String,java.lang.String,long)
net.youmi.android.a.b.a: boolean a(android.content.Context,java.lang.String,boolean,long)
net.youmi.android.a.b.a: java.lang.String a(android.content.Context,java.lang.String,java.lang.String)
net.youmi.android.a.b.a: boolean a(android.content.Context,java.lang.String,boolean)
net.youmi.android.a.c.a
net.youmi.android.a.c.a: android.webkit.WebViewClient a(net.youmi.android.a.k.a.h)
net.youmi.android.a.c.a: int a()
net.youmi.android.a.c.a: android.webkit.WebChromeClient a(android.content.Context,net.youmi.android.a.k.a.b)
net.youmi.android.a.c.a: void a(android.content.Context,android.webkit.WebSettings)
net.youmi.android.a.c.a: void a(android.content.Context)
net.youmi.android.a.c.a: void a(android.os.AsyncTask,java.lang.Object[])
net.youmi.android.a.c.b
net.youmi.android.a.c.b: void a(android.content.Context)
net.youmi.android.a.c.c
net.youmi.android.a.c.c: void a(android.os.AsyncTask,java.lang.Object[])
net.youmi.android.a.c.d
net.youmi.android.a.c.d: int a()
net.youmi.android.a.c.e
net.youmi.android.a.c.e: net.youmi.android.a.k.a.b a
net.youmi.android.a.c.e: net.youmi.android.a.c.e a(net.youmi.android.a.k.a.b)
net.youmi.android.a.c.e: e(net.youmi.android.a.k.a.b)
net.youmi.android.a.c.e: void onReceivedTitle(android.webkit.WebView,java.lang.String)
net.youmi.android.a.c.e: void onProgressChanged(android.webkit.WebView,int)
net.youmi.android.a.c.e: boolean onJsAlert(android.webkit.WebView,java.lang.String,java.lang.String,android.webkit.JsResult)
net.youmi.android.a.c.e: boolean onJsConfirm(android.webkit.WebView,java.lang.String,java.lang.String,android.webkit.JsResult)
net.youmi.android.a.c.e: boolean onJsPrompt(android.webkit.WebView,java.lang.String,java.lang.String,java.lang.String,android.webkit.JsPromptResult)
net.youmi.android.a.c.f
net.youmi.android.a.c.f: net.youmi.android.a.c.f b(net.youmi.android.a.k.a.b)
net.youmi.android.a.c.f: f(net.youmi.android.a.k.a.b)
net.youmi.android.a.c.f: void onExceededDatabaseQuota(java.lang.String,java.lang.String,long,long,long,android.webkit.WebStorage$QuotaUpdater)
net.youmi.android.a.c.f: void onGeolocationPermissionsShowPrompt(java.lang.String,android.webkit.GeolocationPermissions$Callback)
net.youmi.android.a.c.g
net.youmi.android.a.c.g: android.webkit.GeolocationPermissions$Callback a
net.youmi.android.a.c.g: java.lang.String b
net.youmi.android.a.c.g: net.youmi.android.a.c.f c
net.youmi.android.a.c.g: g(net.youmi.android.a.c.f,android.webkit.GeolocationPermissions$Callback,java.lang.String)
net.youmi.android.a.c.g: void onClick(android.content.DialogInterface,int)