proguard/mapping.txt
com.machao.accountbox.AccountAddInputActivity -> com.machao.accountbox.AccountAddInputActivity:
    android.content.Intent intent -> a
    int parentSelectedIndex -> b
    int childSelectedIndex -> c
    int childIdx -> d
    int parentIdx -> e
    java.lang.String nameStr -> f
    java.lang.String typeName -> g
    java.lang.String findbackwayStr -> h
    java.lang.String bzStr -> i
    java.lang.String webStr -> j
    java.lang.String accountStr -> k
    java.lang.String passwordStr -> l
    java.lang.String gameserverStr -> m
    android.widget.TextView typeNameTv -> n
    android.widget.TextView findbackwayTv -> o
    android.widget.TextView bzTv -> p
    android.widget.LinearLayout webLayout -> q
    android.widget.LinearLayout gameserverLayout -> r
    android.widget.CheckBox lockCb -> s
    android.widget.EditText nameEt -> t
    android.widget.EditText webEt -> u
    android.widget.EditText accountEt -> v
    android.widget.EditText passwordEt -> w
    android.widget.EditText gameserverEt -> x
    android.app.AlertDialog ad -> y
    com.machao.accountbox.db.service.AccountDBService accountDB -> z
    com.machao.accountbox.db.service.TypeDBService typeDB -> A
    com.machao.accountbox.utils.MyApp myApp -> B
    com.machao.accountbox.db.service.model.Account account -> C
    void onCreate(android.os.Bundle) -> onCreate
    void findViews() -> a
    void btnClick(android.view.View) -> btnClick
    void saveAccount() -> b
    boolean getAndValidateViewDatas() -> c
com.machao.accountbox.AccountAddInputActivity$1 -> com.machao.accountbox.a:
    com.machao.accountbox.AccountAddInputActivity this$0 -> a
    void onClick(android.content.DialogInterface,int) -> onClick
com.machao.accountbox.AccountAddInputActivity$2 -> com.machao.accountbox.b:
    com.machao.accountbox.AccountAddInputActivity this$0 -> a
    void onClick(android.content.DialogInterface,int) -> onClick
com.machao.accountbox.AccountUpdateInputActivity -> com.machao.accountbox.AccountUpdateInputActivity:
    android.content.Intent intent -> a
    int parentSelectedIndex -> b
    int childSelectedIndex -> c
    int childIdx -> d
    int parentIdx -> e
    java.lang.String nameStr -> f
    java.lang.String typeName -> g
    java.lang.String findbackwayStr -> h
    java.lang.String bzStr -> i
    java.lang.String webStr -> j
    java.lang.String accountStr -> k
    java.lang.String passwordStr -> l
    java.lang.String gameserverStr -> m
    android.widget.TextView typeNameTv -> n
    android.widget.TextView findbackwayTv -> o
    android.widget.TextView bzTv -> p
    android.widget.LinearLayout webLayout -> q
    android.widget.LinearLayout gameserverLayout -> r
    android.widget.CheckBox lockCb -> s
    android.widget.EditText nameEt -> t
    android.widget.EditText webEt -> u
    android.widget.EditText accountEt -> v
    android.widget.EditText passwordEt -> w
    android.widget.EditText gameserverEt -> x
    android.app.AlertDialog ad -> y
    com.machao.accountbox.db.service.AccountDBService accountDB -> z
    com.machao.accountbox.db.service.TypeDBService typeDB -> A
    com.machao.accountbox.utils.MyApp myApp -> B
    com.machao.accountbox.db.service.model.Account account -> C
    java.lang.String nameTemp -> D
    void onCreate(android.os.Bundle) -> onCreate
    void findViews() -> a
    void btnClick(android.view.View) -> btnClick
    void updateAccount() -> b
com.machao.accountbox.AccountUpdateInputActivity$1 -> com.machao.accountbox.c:
    com.machao.accountbox.AccountUpdateInputActivity this$0 -> a
    void onClick(android.content.DialogInterface,int) -> onClick
com.machao.accountbox.AccountUpdateInputActivity$2 -> com.machao.accountbox.d:
    com.machao.accountbox.AccountUpdateInputActivity this$0 -> a
    void onClick(android.content.DialogInterface,int) -> onClick
...
net.youmi.android.f.i -> net.youmi.android.f.i:
    int a -> a
    java.lang.String b -> b
    int c -> c
    long d -> d
    int a() -> a
    void a(int) -> a
    java.lang.String b() -> b
    void a(java.lang.String) -> a
    long c() -> c
    void a(long) -> a
    int d() -> d
    void b(int) -> b
net.youmi.android.f.j -> net.youmi.android.f.j:
    java.util.concurrent.ExecutorService a -> a
    android.content.Context b -> b
    net.youmi.android.f.e c -> c
    java.util.List d -> d
    void a(android.content.Context,java.util.List) -> a
    void run() -> run
net.youmi.android.f.k -> net.youmi.android.f.k:
    android.content.Context a -> a
    java.lang.String b -> b
    java.lang.String c -> c
    java.lang.String d -> d
    java.lang.String e -> e
    java.util.Queue f -> f
    java.util.concurrent.ExecutorService g -> g
    java.lang.String a(java.lang.String) -> a
    void a(int) -> a
    net.youmi.android.f.k a(net.youmi.android.f.b) -> a
    java.lang.String a() -> a
    boolean b(net.youmi.android.f.b) -> b
    void b() -> b
    void c(net.youmi.android.f.b) -> c
net.youmi.android.g.a.a -> net.youmi.android.g.a.a:
    java.lang.String f -> f
    java.lang.String g -> g
    java.lang.String h -> h
    java.lang.String i -> i
    java.lang.String j -> j
    java.lang.String k -> k
    java.lang.String a -> a
    java.lang.String l -> l
    java.lang.String b -> b
    java.lang.String c -> c
    java.lang.String d -> d
    java.lang.String e -> e
    java.lang.String a() -> a
    java.lang.String b() -> b
    java.lang.String c() -> c
    java.lang.String d() -> d
    java.lang.String e() -> e
    java.lang.String f() -> f
    java.lang.String g() -> g
    java.lang.String h() -> h
    java.lang.String i() -> i
    java.lang.String j() -> j
    java.lang.String k() -> k
    java.lang.String l() -> l
    java.lang.String a(android.content.Context,net.youmi.android.banner.AdSize) -> a
    java.lang.String a(android.content.Context) -> a
    java.lang.String a(android.content.Context,java.lang.String,long) -> a
    java.lang.String a(android.content.Context,java.lang.String) -> a
    java.lang.String a(java.util.HashMap,java.lang.String) -> a
net.youmi.android.g.a.b -> net.youmi.android.g.a.b:
    java.lang.String a(int) -> a
net.youmi.android.g.a.c -> net.youmi.android.g.a.c:
    java.lang.String a -> a
    java.lang.String a() -> a
net.youmi.android.h.a -> net.youmi.android.h.a:
net.youmi.android.h.a.a -> net.youmi.android.h.a.a:
    android.graphics.Bitmap a(java.lang.String) -> a
net.youmi.android.h.a.b -> net.youmi.android.h.a.b:
    java.lang.String a() -> a
    java.lang.String b() -> b
    java.lang.String c() -> c
    java.lang.String d() -> d
    java.lang.String e() -> e
    java.lang.String f() -> f
    java.lang.String g() -> g
net.youmi.android.h.b -> net.youmi.android.h.b:
    android.content.Context a -> a
    net.youmi.android.h.c b -> b
    android.view.View c -> c
    android.view.View d -> d
    android.view.View e -> e
    android.view.View f -> f
    android.view.View g -> g
    void a() -> a
    void a(android.widget.TableRow,int,android.view.View,android.widget.RelativeLayout$LayoutParams) -> a
    void setBackEnable(boolean) -> setBackEnable
    void setForwardEnable(boolean) -> setForwardEnable
    void onClick(android.view.View) -> onClick
net.youmi.android.h.c -> net.youmi.android.h.c:
    void b() -> b
    void c() -> c
    void d() -> d
    void e() -> e
    void f() -> f
net.youmi.android.h.d -> net.youmi.android.h.d:
    void a(android.graphics.drawable.Drawable,android.graphics.drawable.Drawable) -> a
    int[] a() -> a
    int[] b() -> b
    int[] c() -> c
    int[] d() -> d
    int[] e() -> e
    int[] f() -> f
net.youmi.android.h.e -> net.youmi.android.h.e:
    net.youmi.android.h.d a -> a
net.youmi.android.h.f -> net.youmi.android.h.f:
    net.youmi.android.h.d a -> a