proguard/usage.txt
com.machao.accountbox.AccountAddInputActivity:
    private android.widget.LinearLayout lockLayout
com.machao.accountbox.AccountUpdateInputActivity:
    private android.widget.LinearLayout lockLayout
com.machao.accountbox.BuildConfig
com.machao.accountbox.IndexActivityBAK
com.machao.accountbox.IndexActivityBAK$1
com.machao.accountbox.IndexActivityBAK$2
com.machao.accountbox.IndexActivityBAK$2$1
com.machao.accountbox.IndexActivityBAK$2$1$1
com.machao.accountbox.R
com.machao.accountbox.R$anim
com.machao.accountbox.R$array
com.machao.accountbox.R$attr
com.machao.accountbox.R$color
com.machao.accountbox.R$drawable
com.machao.accountbox.R$id
com.machao.accountbox.R$layout
com.machao.accountbox.R$menu
com.machao.accountbox.R$string
com.machao.accountbox.R$style
com.machao.accountbox.RegistActivity:
    private android.widget.ArrayAdapter adapter
com.machao.accountbox.adapter.AccountGroupExpandableListAdapter:
    private android.app.AlertDialog ad
com.machao.accountbox.adapter.AccountGroupExpandableListAdapter$ViewHolder:
    android.widget.CheckBox cb
com.machao.accountbox.adapter.AccountListAdapter$ViewHolder:
    android.widget.CheckBox cb
com.machao.accountbox.db.ABOpenHelper:
    20:22:public ABOpenHelper(android.content.Context,int)
com.machao.accountbox.db.service.AccountDBService:
    27:52:public java.util.List findAccountByUsername(java.lang.String)
    56:110:public java.util.List findAccountByUsername2(java.lang.String)
com.machao.accountbox.db.service.model.Account:
    private static final long serialVersionUID
    37:37:public java.lang.String getUsername()
com.machao.accountbox.db.service.model.AccountGroup:
    27:28:public void setAccounts(java.util.List)
com.machao.accountbox.db.service.model.AccountPinned
...
android.support.v4.app.NotificationCompat$InboxStyle
android.support.v4.app.NotificationCompat$NotificationCompatImpl
android.support.v4.app.NotificationCompat$NotificationCompatImplBase
android.support.v4.app.NotificationCompat$NotificationCompatImplHoneycomb
android.support.v4.app.NotificationCompat$NotificationCompatImplIceCreamSandwich
android.support.v4.app.NotificationCompat$NotificationCompatImplJellybean
android.support.v4.app.NotificationCompat$Style
android.support.v4.app.NotificationCompatHoneycomb
android.support.v4.app.NotificationCompatIceCreamSandwich
android.support.v4.app.NotificationCompatJellybean
android.support.v4.app.ServiceCompat
android.support.v4.app.ShareCompat
android.support.v4.app.ShareCompat$IntentBuilder
android.support.v4.app.ShareCompat$IntentReader
android.support.v4.app.ShareCompat$ShareCompatImpl
android.support.v4.app.ShareCompat$ShareCompatImplBase
android.support.v4.app.ShareCompat$ShareCompatImplICS
android.support.v4.app.ShareCompat$ShareCompatImplJB
android.support.v4.app.ShareCompatICS
android.support.v4.app.ShareCompatJB
android.support.v4.app.TaskStackBuilder
android.support.v4.app.TaskStackBuilder$TaskStackBuilderImpl
android.support.v4.app.TaskStackBuilder$TaskStackBuilderImplBase
android.support.v4.app.TaskStackBuilder$TaskStackBuilderImplHoneycomb
android.support.v4.app.TaskStackBuilder$TaskStackBuilderImplJellybean
android.support.v4.app.TaskStackBuilderHoneycomb
android.support.v4.app.TaskStackBuilderJellybean
android.support.v4.content.AsyncTaskLoader
android.support.v4.content.AsyncTaskLoader$LoadTask
android.support.v4.content.ContextCompat
android.support.v4.content.ContextCompatHoneycomb
android.support.v4.content.ContextCompatJellybean
android.support.v4.content.CursorLoader
android.support.v4.content.IntentCompat
android.support.v4.content.Loader:
    android.content.Context mContext
    90:92:public Loader(android.content.Context)
    102:105:public void deliverResult(java.lang.Object)
    111:111:public android.content.Context getContext()
    118:118:public int getId()
    157:157:public boolean isStarted()
    166:166:public boolean isAbandoned()
    175:175:public boolean isReset()
    217:218:public void forceLoad()
    225:225:protected void onForceLoad()
    261:263:public void abandon()
    275:275:protected void onAbandon()
    312:314:public boolean takeContentChanged()
    326:334:public void onContentChanged()
android.support.v4.content.Loader$ForceLoadContentObserver
android.support.v4.content.Loader$OnLoadCompleteListener:
    public abstract void onLoadComplete(android.support.v4.content.Loader,java.lang.Object)
android.support.v4.content.LocalBroadcastManager
android.support.v4.content.LocalBroadcastManager$1
android.support.v4.content.LocalBroadcastManager$BroadcastRecord
android.support.v4.content.LocalBroadcastManager$ReceiverRecord
android.support.v4.content.ModernAsyncTask
android.support.v4.content.ModernAsyncTask$1
android.support.v4.content.ModernAsyncTask$2
android.support.v4.content.ModernAsyncTask$3
android.support.v4.content.ModernAsyncTask$4
android.support.v4.content.ModernAsyncTask$AsyncTaskResult
android.support.v4.content.ModernAsyncTask$InternalHandler
android.support.v4.content.ModernAsyncTask$Status
android.support.v4.content.ModernAsyncTask$WorkerRunnable
android.support.v4.content.pm.ActivityInfoCompat
android.support.v4.database.DatabaseUtilsCompat
android.support.v4.net.ConnectivityManagerCompat
android.support.v4.net.ConnectivityManagerCompat$BaseConnectivityManagerCompatImpl
android.support.v4.net.ConnectivityManagerCompat$ConnectivityManagerCompatImpl
android.support.v4.net.ConnectivityManagerCompat$GingerbreadConnectivityManagerCompatImpl
android.support.v4.net.ConnectivityManagerCompat$HoneycombMR2ConnectivityManagerCompatImpl
android.support.v4.net.ConnectivityManagerCompat$JellyBeanConnectivityManagerCompatImpl
android.support.v4.net.ConnectivityManagerCompatGingerbread